<?xml version="1.0" encoding="UTF-8"?>
<!-- Generated by org.testng.reporters.JUnitReportReporter -->
<testsuite skipped="0" hostname="MacBook-Pro" name="org.lisenokacademy.IOSBasics" tests="1" failures="0" timestamp="02 Apr 2023 06:11:51 GMT" time="5.307" errors="0">
  <testcase name="IOSBasicsTest" time="5.307" classname="org.lisenokacademy.IOSBasics"/>
</testsuite> <!-- org.lisenokacademy.IOSBasics -->
