<?xml version="1.0" encoding="UTF-8"?>
<!-- Generated by org.testng.reporters.JUnitReportReporter -->
<testsuite skipped="0" hostname="MacBook-Pro" name="org.lisenokacademy.eCommerce_Hybrid" tests="3" failures="0" timestamp="02 Apr 2023 21:42:29 GMT" time="52.197" errors="0">
  <testcase name="FillForm" time="17.567" classname="org.lisenokacademy.eCommerce_Hybrid"/>
  <testcase name="FillForm" time="17.405" classname="org.lisenokacademy.eCommerce_Hybrid"/>
  <testcase name="FillForm" time="17.225" classname="org.lisenokacademy.eCommerce_Hybrid"/>
</testsuite> <!-- org.lisenokacademy.eCommerce_Hybrid -->
