<?xml version="1.0" encoding="UTF-8"?>
<!-- Generated by org.testng.reporters.JUnitReportReporter -->
<testsuite hostname="MacBook-Pro" failures="0" tests="2" name="org.lisenokacademy.eCommerce_tc_1" time="26.411" errors="0" timestamp="03 Apr 2023 07:03:33 GMT" skipped="0">
  <testcase classname="org.lisenokacademy.eCommerce_tc_1" name="FillForm_ErrorValidation" time="8.136"/>
  <testcase classname="org.lisenokacademy.eCommerce_tc_1" name="FillForm_PositiveFlow" time="18.275"/>
</testsuite> <!-- org.lisenokacademy.eCommerce_tc_1 -->
