<?xml version="1.0" encoding="UTF-8"?>
<!-- Generated by org.testng.reporters.JUnitReportReporter -->
<testsuite hostname="MacBook-Pro" failures="0" tests="3" name="org.lisenokacademy.eCommerce_Hybrid" time="49.715" errors="0" timestamp="03 Apr 2023 07:03:33 GMT" skipped="0">
  <testcase classname="org.lisenokacademy.eCommerce_Hybrid" name="FillForm" time="16.659"/>
  <testcase classname="org.lisenokacademy.eCommerce_Hybrid" name="FillForm" time="16.491"/>
  <testcase classname="org.lisenokacademy.eCommerce_Hybrid" name="FillForm" time="16.565"/>
</testsuite> <!-- org.lisenokacademy.eCommerce_Hybrid -->
