<?xml version="1.0" encoding="UTF-8"?>
<!-- Generated by org.testng.reporters.JUnitReportReporter -->
<testsuite hostname="MacBook-Pro" failures="0" tests="1" name="org.lisenokacademy.IOSBasics" time="5.375" errors="0" timestamp="03 Apr 2023 07:03:33 GMT" skipped="0">
  <testcase classname="org.lisenokacademy.IOSBasics" name="IOSBasicsTest" time="5.375"/>
</testsuite> <!-- org.lisenokacademy.IOSBasics -->
